<?xml version="1.0" encoding="UTF-8"?>
<!-- Generated by org.testng.reporters.JUnitReportReporter -->
<testsuite skipped="0" hostname="Amruthaa" name="com.qa.linqia.test.IntroductionPageTest" tests="2" failures="0" timestamp="03 Apr 2018 06:23:15 GMT" time="20.529" errors="0">
  <testcase name="verifyclickOnLearn" time="11.681" classname="com.qa.linqia.test.IntroductionPageTest"/>
  <testcase name="validatePageTitle" time="8.848" classname="com.qa.linqia.test.IntroductionPageTest"/>
</testsuite> <!-- com.qa.linqia.test.IntroductionPageTest -->
