<?xml version="1.0" encoding="UTF-8"?>
<!-- Generated by org.testng.reporters.JUnitReportReporter -->
<testsuite skipped="0" hostname="Amruthaa" name="com.qa.linqia.test.IntroductionPageTest" tests="2" failures="0" timestamp="03 Apr 2018 15:16:04 GMT" time="36.119" errors="0">
  <testcase name="verifyclickOnLearn" time="25.026" classname="com.qa.linqia.test.IntroductionPageTest"/>
  <testcase name="validatePageTitle" time="11.093" classname="com.qa.linqia.test.IntroductionPageTest"/>
</testsuite> <!-- com.qa.linqia.test.IntroductionPageTest -->
