<?xml version="1.0" encoding="UTF-8"?>
<!-- Generated by org.testng.reporters.JUnitReportReporter -->
<testsuite skipped="0" hostname="Amruthaa" name="com.qa.linqia.test.LinqiaTest" tests="1" failures="0" timestamp="03 Apr 2018 19:23:58 GMT" time="13.238" errors="0">
  <testcase name="enterTest" time="13.238" classname="com.qa.linqia.test.LinqiaTest"/>
</testsuite> <!-- com.qa.linqia.test.LinqiaTest -->
