<?xml version="1.0" encoding="UTF-8"?>
<!-- Generated by org.testng.reporters.JUnitReportReporter -->
<testsuite skipped="0" hostname="Amruthaa" name="com.qa.linqia.test.LinqiaTest" tests="1" failures="0" timestamp="03 Apr 2018 16:45:57 GMT" time="9.279" errors="0">
  <testcase name="enterTest" time="9.279" classname="com.qa.linqia.test.LinqiaTest"/>
</testsuite> <!-- com.qa.linqia.test.LinqiaTest -->
