<?xml version="1.0" encoding="UTF-8"?>
<!-- Generated by org.testng.reporters.JUnitReportReporter -->
<testsuite skipped="0" hostname="Amruthaa" name="com.qa.linqia.test.IntroductionPageTest" tests="2" failures="0" timestamp="03 Apr 2018 21:57:51 GMT" time="34.843" errors="0">
  <testcase name="verifyclickOnLearn" time="23.856" classname="com.qa.linqia.test.IntroductionPageTest"/>
  <testcase name="validatePageTitle" time="10.987" classname="com.qa.linqia.test.IntroductionPageTest"/>
</testsuite> <!-- com.qa.linqia.test.IntroductionPageTest -->
