<?xml version="1.0" encoding="UTF-8"?>
<!-- Generated by org.testng.reporters.JUnitReportReporter -->
<testsuite skipped="1" hostname="Amruthaa" name="com.qa.linqia.test.IntegrationWithPaypalTest" tests="4" failures="0" timestamp="03 Apr 2018 16:47:09 GMT" time="36.186" errors="0">
  <testcase name="verifyPageTextTest" time="10.614" classname="com.qa.linqia.test.IntegrationWithPaypalTest"/>
  <testcase name="clickOnPaypalTest" time="15.580" classname="com.qa.linqia.test.IntegrationWithPaypalTest"/>
  <testcase name="clickOnSupportTest" time="9.992" classname="com.qa.linqia.test.IntegrationWithPaypalTest"/>
  <testcase name="paypalLogoTest" classname="com.qa.linqia.test.IntegrationWithPaypalTest">
    <skipped/>
  </testcase> <!-- paypalLogoTest -->
</testsuite> <!-- com.qa.linqia.test.IntegrationWithPaypalTest -->
