<?xml version="1.0" encoding="UTF-8"?>
<!-- Generated by org.testng.reporters.JUnitReportReporter -->
<testsuite skipped="1" hostname="Amruthaa" name="com.qa.linqia.test.IntegrationWithPaypalTest" tests="4" failures="0" timestamp="03 Apr 2018 21:57:51 GMT" time="50.127" errors="0">
  <testcase name="clickOnPaypalTest" time="26.487" classname="com.qa.linqia.test.IntegrationWithPaypalTest"/>
  <testcase name="verifyPageTextTest" time="11.749" classname="com.qa.linqia.test.IntegrationWithPaypalTest"/>
  <testcase name="clickOnSupportTest" time="11.891" classname="com.qa.linqia.test.IntegrationWithPaypalTest"/>
  <testcase name="paypalLogoTest" classname="com.qa.linqia.test.IntegrationWithPaypalTest">
    <skipped/>
  </testcase> <!-- paypalLogoTest -->
</testsuite> <!-- com.qa.linqia.test.IntegrationWithPaypalTest -->
